[2026-06-01T07:41:08Z] Collector started in C:/Users/nayut/OneDrive/Документы/osu-skill-predictor/data/raw/osu_country_try_data_full_20260601T074107Z
[2026-06-01T07:41:47Z] Sampled country US: 100 users from top 10000 local ranks
[2026-06-01T07:42:23Z] Sampled country RU: 100 users from top 10000 local ranks
[2026-06-01T07:43:01Z] Sampled country PL: 100 users from top 10000 local ranks
[2026-06-01T07:43:38Z] Sampled country CA: 100 users from top 10000 local ranks
[2026-06-01T07:44:13Z] Sampled country GB: 100 users from top 10000 local ranks
[2026-06-01T07:44:50Z] Sampled country DE: 100 users from top 10000 local ranks
[2026-06-01T07:45:26Z] Sampled country KR: 100 users from top 10000 local ranks
[2026-06-01T07:46:00Z] Sampled country BR: 100 users from top 10000 local ranks
[2026-06-01T07:46:37Z] Sampled country AU: 100 users from top 10000 local ranks
[2026-06-01T07:47:16Z] Sampled country FR: 100 users from top 10000 local ranks
[2026-06-01T07:47:54Z] Sampled country JP: 100 users from top 10000 local ranks
[2026-06-01T07:48:33Z] Sampled country PH: 100 users from top 10000 local ranks
[2026-06-01T07:49:10Z] Sampled country FI: 100 users from top 10000 local ranks
[2026-06-01T07:49:46Z] Sampled country ID: 100 users from top 10000 local ranks
[2026-06-01T07:50:23Z] Sampled country CL: 100 users from top 10000 local ranks
[2026-06-01T07:51:04Z] Sampled country HK: 100 users from top 10000 local ranks
[2026-06-01T07:51:43Z] Sampled country UA: 100 users from top 10000 local ranks
[2026-06-01T07:52:21Z] Sampled country CN: 100 users from top 10000 local ranks
[2026-06-01T07:52:58Z] Sampled country SE: 100 users from top 10000 local ranks
[2026-06-01T07:53:34Z] Sampled country NL: 100 users from top 10000 local ranks
[2026-06-01T07:54:11Z] Sampled country TW: 100 users from top 10000 local ranks
[2026-06-01T07:54:49Z] Sampled country TH: 100 users from top 10000 local ranks
[2026-06-01T07:55:27Z] Sampled country IT: 100 users from top 10000 local ranks
[2026-06-01T07:56:04Z] Sampled country AR: 100 users from top 10000 local ranks
[2026-06-01T07:56:38Z] Sampled country VN: 100 users from top 10000 local ranks
[2026-06-01T07:57:15Z] Sampled country ES: 100 users from top 10000 local ranks
[2026-06-01T07:57:54Z] Sampled country SG: 100 users from top 10000 local ranks
[2026-06-01T07:58:32Z] Sampled country MY: 100 users from top 10000 local ranks
[2026-06-01T07:59:10Z] Sampled country NO: 100 users from top 10000 local ranks
[2026-06-01T07:59:46Z] Sampled country MX: 100 users from top 10000 local ranks
[2026-06-01T08:00:24Z] Sampled country TR: 100 users from top 10000 local ranks
[2026-06-01T08:01:01Z] Sampled country RO: 100 users from top 10000 local ranks
[2026-06-01T08:01:34Z] Sampled country NZ: 100 users from top 10000 local ranks
[2026-06-01T08:02:09Z] Sampled country CZ: 100 users from top 10000 local ranks
[2026-06-01T08:02:44Z] Sampled country KZ: 100 users from top 10000 local ranks
[2026-06-01T08:03:17Z] Sampled country HU: 100 users from top 10000 local ranks
[2026-06-01T08:03:53Z] Sampled country AT: 100 users from top 10000 local ranks
[2026-06-01T08:04:30Z] Sampled country IL: 100 users from top 10000 local ranks
[2026-06-01T08:05:06Z] Sampled country BY: 100 users from top 10000 local ranks
[2026-06-01T08:05:42Z] Sampled country LT: 100 users from top 10000 local ranks
[2026-06-01T08:06:16Z] Sampled country DK: 100 users from top 10000 local ranks
[2026-06-01T08:06:53Z] Sampled country PT: 100 users from top 10000 local ranks
[2026-06-01T08:07:28Z] Sampled country BE: 100 users from top 10000 local ranks
[2026-06-01T08:08:06Z] Sampled country PE: 100 users from top 10000 local ranks
[2026-06-01T08:08:35Z] Sampled country EE: 100 users from top 10000 local ranks
[2026-06-01T08:09:10Z] Sampled country GR: 100 users from top 10000 local ranks
[2026-06-01T08:09:40Z] Sampled country SK: 100 users from top 10000 local ranks
[2026-06-01T08:10:15Z] Sampled country CH: 100 users from top 10000 local ranks
[2026-06-01T08:10:47Z] Sampled country BG: 100 users from top 10000 local ranks
[2026-06-01T08:11:18Z] Sampled country LV: 100 users from top 10000 local ranks
[2026-06-01T08:11:54Z] Sampled country CO: 100 users from top 10000 local ranks
[2026-06-01T08:12:20Z] Sampled country IE: 100 users from top 10000 local ranks
[2026-06-01T08:12:47Z] Sampled country RS: 100 users from top 10000 local ranks
[2026-06-01T08:13:20Z] Sampled country SA: 100 users from top 10000 local ranks
[2026-06-01T08:13:47Z] Sampled country AE: 100 users from top 10000 local ranks
[2026-06-01T08:14:21Z] Sampled country IN: 100 users from top 10000 local ranks
[2026-06-01T08:14:48Z] Sampled country UY: 100 users from top 10000 local ranks
[2026-06-01T08:15:08Z] Sampled country HR: 100 users from top 10000 local ranks
[2026-06-01T08:15:38Z] Sampled country ZA: 100 users from top 10000 local ranks
[2026-06-01T08:16:12Z] Sampled country VE: 100 users from top 10000 local ranks
[2026-06-01T08:16:26Z] Sampled country SI: 100 users from top 10000 local ranks
[2026-06-01T08:16:56Z] Sampled country EG: 100 users from top 10000 local ranks
[2026-06-01T08:17:30Z] Sampled country EC: 100 users from top 10000 local ranks
[2026-06-01T08:17:57Z] Sampled country MA: 100 users from top 10000 local ranks
[2026-06-01T08:18:20Z] Sampled country MD: 100 users from top 10000 local ranks
[2026-06-01T08:18:42Z] Sampled country DO: 100 users from top 10000 local ranks
[2026-06-01T08:18:55Z] Sampled country KH: 100 users from top 10000 local ranks
[2026-06-01T08:19:15Z] Sampled country MN: 100 users from top 10000 local ranks
[2026-06-01T08:19:34Z] Sampled country PA: 100 users from top 10000 local ranks
[2026-06-01T08:19:59Z] Sampled country CR: 100 users from top 10000 local ranks
[2026-06-01T08:20:22Z] Sampled country DZ: 100 users from top 10000 local ranks
[2026-06-01T08:20:35Z] Sampled country PR: 100 users from top 10000 local ranks
[2026-06-01T08:20:56Z] Sampled country TN: 100 users from top 10000 local ranks
[2026-06-01T08:21:07Z] Sampled country KW: 100 users from top 10000 local ranks
[2026-06-01T08:21:26Z] Sampled country PK: 100 users from top 10000 local ranks
[2026-06-01T08:21:42Z] Sampled country GE: 100 users from top 10000 local ranks
[2026-06-01T08:21:51Z] Sampled country BN: 100 users from top 10000 local ranks
[2026-06-01T08:22:02Z] Sampled country QA: 100 users from top 10000 local ranks
[2026-06-01T08:22:09Z] Sampled country MO: 100 users from top 10000 local ranks
[2026-06-01T08:22:21Z] Sampled country TT: 100 users from top 10000 local ranks
[2026-06-01T08:22:35Z] Sampled country NP: 100 users from top 10000 local ranks
[2026-06-01T08:22:51Z] Sampled country UZ: 100 users from top 10000 local ranks
[2026-06-01T08:23:07Z] Sampled country PY: 100 users from top 10000 local ranks
[2026-06-01T08:23:22Z] Sampled country MM: 100 users from top 10000 local ranks
[2026-06-01T08:23:35Z] Sampled country RE: 100 users from top 10000 local ranks
[2026-06-01T08:23:47Z] Sampled country KG: 100 users from top 10000 local ranks
[2026-06-01T08:23:56Z] Sampled country JO: 100 users from top 10000 local ranks
[2026-06-01T08:24:03Z] Sampled country MV: 100 users from top 10000 local ranks
[2026-06-01T08:24:10Z] Sampled country MK: 100 users from top 10000 local ranks
[2026-06-01T08:24:19Z] Sampled country BA: 100 users from top 10000 local ranks
[2026-06-01T08:24:34Z] Sampled country BD: 100 users from top 10000 local ranks
[2026-06-01T08:24:50Z] Sampled country SV: 100 users from top 10000 local ranks
[2026-06-01T08:25:11Z] Sampled country GT: 100 users from top 10000 local ranks
[2026-06-01T08:25:19Z] Sampled country LU: 100 users from top 10000 local ranks
[2026-06-01T08:25:42Z] Sampled country BO: 100 users from top 10000 local ranks
[2026-06-01T08:25:51Z] Sampled country CY: 100 users from top 10000 local ranks
[2026-06-01T08:25:56Z] Sampled country IS: 100 users from top 10000 local ranks
[2026-06-01T08:26:11Z] Sampled country HN: 100 users from top 10000 local ranks
[2026-06-01T08:26:24Z] Sampled country IQ: 100 users from top 10000 local ranks
[2026-06-01T08:26:32Z] Sampled country BH: 100 users from top 10000 local ranks
[2026-06-01T08:26:36Z] Collected user snapshots: 1 / 10000
[2026-06-01T08:26:48Z] Collected user snapshots: 10 / 10000
[2026-06-01T08:27:02Z] Collected user snapshots: 20 / 10000
[2026-06-01T08:27:15Z] Collected user snapshots: 30 / 10000
[2026-06-01T08:27:29Z] Collected user snapshots: 40 / 10000
[2026-06-01T08:27:42Z] Collected user snapshots: 50 / 10000
[2026-06-01T08:27:55Z] Collected user snapshots: 60 / 10000
[2026-06-01T08:28:08Z] Collected user snapshots: 70 / 10000
[2026-06-01T08:28:22Z] Collected user snapshots: 80 / 10000
[2026-06-01T08:28:37Z] Collected user snapshots: 90 / 10000
[2026-06-01T08:28:52Z] Collected user snapshots: 100 / 10000
[2026-06-01T08:29:05Z] Collected user snapshots: 110 / 10000
[2026-06-01T08:29:19Z] Collected user snapshots: 120 / 10000
[2026-06-01T08:29:32Z] Collected user snapshots: 130 / 10000
[2026-06-01T08:29:46Z] Collected user snapshots: 140 / 10000
[2026-06-01T08:30:01Z] Collected user snapshots: 150 / 10000
[2026-06-01T08:30:14Z] Collected user snapshots: 160 / 10000
[2026-06-01T08:30:28Z] Collected user snapshots: 170 / 10000
[2026-06-01T08:30:42Z] Collected user snapshots: 180 / 10000
[2026-06-01T08:30:56Z] Collected user snapshots: 190 / 10000
[2026-06-01T08:31:11Z] Collected user snapshots: 200 / 10000
[2026-06-01T08:31:25Z] Collected user snapshots: 210 / 10000
[2026-06-01T08:31:40Z] Collected user snapshots: 220 / 10000
[2026-06-01T08:31:54Z] Collected user snapshots: 230 / 10000
[2026-06-01T08:32:09Z] Collected user snapshots: 240 / 10000
[2026-06-01T08:32:23Z] Collected user snapshots: 250 / 10000
[2026-06-01T08:32:37Z] Collected user snapshots: 260 / 10000
[2026-06-01T08:32:52Z] Collected user snapshots: 270 / 10000
[2026-06-01T08:33:06Z] Collected user snapshots: 280 / 10000
[2026-06-01T08:33:19Z] Collected user snapshots: 290 / 10000
[2026-06-01T08:33:34Z] Collected user snapshots: 300 / 10000
[2026-06-01T08:33:47Z] Collected user snapshots: 310 / 10000
[2026-06-01T08:34:02Z] Collected user snapshots: 320 / 10000
[2026-06-01T08:34:15Z] Collected user snapshots: 330 / 10000
[2026-06-01T08:34:31Z] Collected user snapshots: 340 / 10000
[2026-06-01T08:34:45Z] Collected user snapshots: 350 / 10000
[2026-06-01T08:35:00Z] Collected user snapshots: 360 / 10000
[2026-06-01T08:35:14Z] Collected user snapshots: 370 / 10000
[2026-06-01T08:35:28Z] Collected user snapshots: 380 / 10000
[2026-06-01T08:35:43Z] Collected user snapshots: 390 / 10000
[2026-06-01T08:35:59Z] Collected user snapshots: 400 / 10000
[2026-06-01T08:36:14Z] Collected user snapshots: 410 / 10000
[2026-06-01T08:36:28Z] Collected user snapshots: 420 / 10000
[2026-06-01T08:36:41Z] Collected user snapshots: 430 / 10000
[2026-06-01T08:36:56Z] Collected user snapshots: 440 / 10000
[2026-06-01T08:37:10Z] Collected user snapshots: 450 / 10000
[2026-06-01T08:37:25Z] Collected user snapshots: 460 / 10000
[2026-06-01T08:37:39Z] Collected user snapshots: 470 / 10000
[2026-06-01T08:37:55Z] Collected user snapshots: 480 / 10000
[2026-06-01T08:38:09Z] Collected user snapshots: 490 / 10000
[2026-06-01T08:38:24Z] Collected user snapshots: 500 / 10000
[2026-06-01T08:38:39Z] Collected user snapshots: 510 / 10000
[2026-06-01T08:38:53Z] Collected user snapshots: 520 / 10000
[2026-06-01T08:39:10Z] Collected user snapshots: 530 / 10000
[2026-06-01T08:39:24Z] Collected user snapshots: 540 / 10000
[2026-06-01T08:39:38Z] Collected user snapshots: 550 / 10000
[2026-06-01T08:39:53Z] Collected user snapshots: 560 / 10000
[2026-06-01T08:40:06Z] Collected user snapshots: 570 / 10000
[2026-06-01T08:40:21Z] Collected user snapshots: 580 / 10000
[2026-06-01T08:40:35Z] Collected user snapshots: 590 / 10000
[2026-06-01T08:40:48Z] Collected user snapshots: 600 / 10000
[2026-06-01T08:41:02Z] Collected user snapshots: 610 / 10000
[2026-06-01T08:41:15Z] Collected user snapshots: 620 / 10000
[2026-06-01T08:41:30Z] Collected user snapshots: 630 / 10000
[2026-06-01T08:41:44Z] Collected user snapshots: 640 / 10000
[2026-06-01T08:41:59Z] Collected user snapshots: 650 / 10000
[2026-06-01T08:42:13Z] Collected user snapshots: 660 / 10000
[2026-06-01T08:42:26Z] Collected user snapshots: 670 / 10000
[2026-06-01T08:42:40Z] Collected user snapshots: 680 / 10000
[2026-06-01T08:42:58Z] Collected user snapshots: 690 / 10000
[2026-06-01T08:43:12Z] Collected user snapshots: 700 / 10000
[2026-06-01T08:43:27Z] Collected user snapshots: 710 / 10000
[2026-06-01T08:43:41Z] Collected user snapshots: 720 / 10000
[2026-06-01T08:43:55Z] Collected user snapshots: 730 / 10000
[2026-06-01T08:44:11Z] Collected user snapshots: 740 / 10000
[2026-06-01T08:44:25Z] Collected user snapshots: 750 / 10000
[2026-06-01T08:44:41Z] Collected user snapshots: 760 / 10000
[2026-06-01T08:44:55Z] Collected user snapshots: 770 / 10000
[2026-06-01T08:45:09Z] Collected user snapshots: 780 / 10000
[2026-06-01T08:45:23Z] Collected user snapshots: 790 / 10000
[2026-06-01T08:45:37Z] Collected user snapshots: 800 / 10000
[2026-06-01T08:45:52Z] Collected user snapshots: 810 / 10000
[2026-06-01T08:46:06Z] Collected user snapshots: 820 / 10000
[2026-06-01T08:46:21Z] Collected user snapshots: 830 / 10000
[2026-06-01T08:46:37Z] Collected user snapshots: 840 / 10000
[2026-06-01T08:46:50Z] Collected user snapshots: 850 / 10000
[2026-06-01T08:47:05Z] Collected user snapshots: 860 / 10000
[2026-06-01T08:47:18Z] Collected user snapshots: 870 / 10000
[2026-06-01T08:47:32Z] Collected user snapshots: 880 / 10000
[2026-06-01T08:47:45Z] Collected user snapshots: 890 / 10000
[2026-06-01T08:47:59Z] Collected user snapshots: 900 / 10000
[2026-06-01T08:48:13Z] Collected user snapshots: 910 / 10000
[2026-06-01T08:48:32Z] Collected user snapshots: 920 / 10000
[2026-06-01T08:48:46Z] Collected user snapshots: 930 / 10000
[2026-06-01T08:48:59Z] Collected user snapshots: 940 / 10000
[2026-06-01T08:49:14Z] Collected user snapshots: 950 / 10000
[2026-06-01T08:49:27Z] Collected user snapshots: 960 / 10000
[2026-06-01T08:49:41Z] Collected user snapshots: 970 / 10000
[2026-06-01T08:49:54Z] Collected user snapshots: 980 / 10000
[2026-06-01T08:50:08Z] Collected user snapshots: 990 / 10000
[2026-06-01T08:50:22Z] Collected user snapshots: 1000 / 10000
[2026-06-01T08:50:36Z] Collected user snapshots: 1010 / 10000
[2026-06-01T08:50:50Z] Collected user snapshots: 1020 / 10000
[2026-06-01T08:51:04Z] Collected user snapshots: 1030 / 10000
[2026-06-01T08:51:18Z] Collected user snapshots: 1040 / 10000
[2026-06-01T08:51:33Z] Collected user snapshots: 1050 / 10000
[2026-06-01T08:51:47Z] Collected user snapshots: 1060 / 10000
[2026-06-01T08:52:00Z] Collected user snapshots: 1070 / 10000
[2026-06-01T08:52:14Z] Collected user snapshots: 1080 / 10000
[2026-06-01T08:52:28Z] Collected user snapshots: 1090 / 10000
[2026-06-01T08:52:43Z] Collected user snapshots: 1100 / 10000
[2026-06-01T08:52:56Z] Collected user snapshots: 1110 / 10000
[2026-06-01T08:53:11Z] Collected user snapshots: 1120 / 10000
[2026-06-01T08:53:26Z] Collected user snapshots: 1130 / 10000
[2026-06-01T08:53:39Z] Collected user snapshots: 1140 / 10000
[2026-06-01T08:53:53Z] Collected user snapshots: 1150 / 10000
[2026-06-01T08:54:07Z] Collected user snapshots: 1160 / 10000
[2026-06-01T08:54:21Z] Collected user snapshots: 1170 / 10000
[2026-06-01T08:54:35Z] Collected user snapshots: 1180 / 10000
[2026-06-01T08:54:49Z] Collected user snapshots: 1190 / 10000
[2026-06-01T08:55:03Z] Collected user snapshots: 1200 / 10000
[2026-06-01T08:55:26Z] Collected user snapshots: 1210 / 10000
[2026-06-01T08:55:40Z] Collected user snapshots: 1220 / 10000
[2026-06-01T08:55:54Z] Collected user snapshots: 1230 / 10000
[2026-06-01T08:56:08Z] Collected user snapshots: 1240 / 10000
[2026-06-01T08:56:22Z] Collected user snapshots: 1250 / 10000
[2026-06-01T08:56:37Z] Collected user snapshots: 1260 / 10000
[2026-06-01T08:56:52Z] Collected user snapshots: 1270 / 10000
[2026-06-01T08:57:05Z] Collected user snapshots: 1280 / 10000
[2026-06-01T08:57:19Z] Collected user snapshots: 1290 / 10000
[2026-06-01T08:57:32Z] Collected user snapshots: 1300 / 10000
[2026-06-01T08:57:45Z] Collected user snapshots: 1310 / 10000
[2026-06-01T08:58:01Z] Collected user snapshots: 1320 / 10000
[2026-06-01T08:58:14Z] Collected user snapshots: 1330 / 10000
[2026-06-01T08:58:29Z] Collected user snapshots: 1340 / 10000
[2026-06-01T08:58:43Z] Collected user snapshots: 1350 / 10000
[2026-06-01T08:59:05Z] Collected user snapshots: 1360 / 10000
[2026-06-01T08:59:19Z] Collected user snapshots: 1370 / 10000
[2026-06-01T08:59:33Z] Collected user snapshots: 1380 / 10000
[2026-06-01T08:59:48Z] Collected user snapshots: 1390 / 10000
[2026-06-01T09:00:02Z] Collected user snapshots: 1400 / 10000
[2026-06-01T09:00:17Z] Collected user snapshots: 1410 / 10000
[2026-06-01T09:00:31Z] Collected user snapshots: 1420 / 10000
[2026-06-01T09:00:44Z] Collected user snapshots: 1430 / 10000
[2026-06-01T09:00:58Z] Collected user snapshots: 1440 / 10000
[2026-06-01T09:01:12Z] Collected user snapshots: 1450 / 10000
[2026-06-01T09:01:26Z] Collected user snapshots: 1460 / 10000
[2026-06-01T09:01:42Z] Collected user snapshots: 1470 / 10000
[2026-06-01T09:02:01Z] Collected user snapshots: 1480 / 10000
[2026-06-01T09:02:15Z] Collected user snapshots: 1490 / 10000
[2026-06-01T09:02:30Z] Collected user snapshots: 1500 / 10000
[2026-06-01T09:02:43Z] Collected user snapshots: 1510 / 10000
[2026-06-01T09:02:57Z] Collected user snapshots: 1520 / 10000
[2026-06-01T09:03:11Z] Collected user snapshots: 1530 / 10000
[2026-06-01T09:03:24Z] Collected user snapshots: 1540 / 10000
[2026-06-01T09:03:37Z] Collected user snapshots: 1550 / 10000
[2026-06-01T09:03:51Z] Collected user snapshots: 1560 / 10000
[2026-06-01T09:04:05Z] Collected user snapshots: 1570 / 10000
[2026-06-01T09:04:18Z] Collected user snapshots: 1580 / 10000
[2026-06-01T09:04:31Z] Collected user snapshots: 1590 / 10000
[2026-06-01T09:04:45Z] Collected user snapshots: 1600 / 10000
[2026-06-01T09:05:00Z] Collected user snapshots: 1610 / 10000
[2026-06-01T09:05:14Z] Collected user snapshots: 1620 / 10000
[2026-06-01T09:05:31Z] Collected user snapshots: 1630 / 10000
[2026-06-01T09:05:45Z] Collected user snapshots: 1640 / 10000
[2026-06-01T09:06:00Z] Collected user snapshots: 1650 / 10000
[2026-06-01T09:06:13Z] Collected user snapshots: 1660 / 10000
[2026-06-01T09:06:27Z] Collected user snapshots: 1670 / 10000
[2026-06-01T09:06:41Z] Collected user snapshots: 1680 / 10000
[2026-06-01T09:06:55Z] Collected user snapshots: 1690 / 10000
[2026-06-01T09:07:09Z] Collected user snapshots: 1700 / 10000
[2026-06-01T09:07:23Z] Collected user snapshots: 1710 / 10000
[2026-06-01T09:07:37Z] Collected user snapshots: 1720 / 10000
[2026-06-01T09:07:50Z] Collected user snapshots: 1730 / 10000
[2026-06-01T09:08:04Z] Collected user snapshots: 1740 / 10000
[2026-06-01T09:08:17Z] Collected user snapshots: 1750 / 10000
[2026-06-01T09:08:30Z] Collected user snapshots: 1760 / 10000
[2026-06-01T09:08:44Z] Collected user snapshots: 1770 / 10000
[2026-06-01T09:08:58Z] Collected user snapshots: 1780 / 10000
[2026-06-01T09:09:11Z] Collected user snapshots: 1790 / 10000
[2026-06-01T09:09:24Z] Collected user snapshots: 1800 / 10000
[2026-06-01T09:09:39Z] Collected user snapshots: 1810 / 10000
[2026-06-01T09:09:52Z] Collected user snapshots: 1820 / 10000
[2026-06-01T09:10:06Z] Collected user snapshots: 1830 / 10000
[2026-06-01T09:10:20Z] Collected user snapshots: 1840 / 10000
[2026-06-01T09:10:34Z] Collected user snapshots: 1850 / 10000
[2026-06-01T09:10:48Z] Collected user snapshots: 1860 / 10000
[2026-06-01T09:11:01Z] Collected user snapshots: 1870 / 10000
[2026-06-01T09:11:15Z] Collected user snapshots: 1880 / 10000
[2026-06-01T09:11:27Z] Collected user snapshots: 1890 / 10000
[2026-06-01T09:11:40Z] Collected user snapshots: 1900 / 10000
[2026-06-01T09:11:54Z] Collected user snapshots: 1910 / 10000
[2026-06-01T09:12:08Z] Collected user snapshots: 1920 / 10000
[2026-06-01T09:12:22Z] Collected user snapshots: 1930 / 10000
[2026-06-01T09:12:35Z] Collected user snapshots: 1940 / 10000
[2026-06-01T09:12:48Z] Collected user snapshots: 1950 / 10000
[2026-06-01T09:13:01Z] Collected user snapshots: 1960 / 10000
[2026-06-01T09:13:15Z] Collected user snapshots: 1970 / 10000
[2026-06-01T09:13:29Z] Collected user snapshots: 1980 / 10000
[2026-06-01T09:13:42Z] Collected user snapshots: 1990 / 10000
[2026-06-01T09:13:55Z] Collected user snapshots: 2000 / 10000
[2026-06-01T09:14:09Z] Collected user snapshots: 2010 / 10000
[2026-06-01T09:14:23Z] Collected user snapshots: 2020 / 10000
[2026-06-01T09:14:37Z] Collected user snapshots: 2030 / 10000
[2026-06-01T09:14:50Z] Collected user snapshots: 2040 / 10000
[2026-06-01T09:15:05Z] Collected user snapshots: 2050 / 10000
[2026-06-01T09:15:19Z] Collected user snapshots: 2060 / 10000
[2026-06-01T09:15:32Z] Collected user snapshots: 2070 / 10000
[2026-06-01T09:15:45Z] Collected user snapshots: 2080 / 10000
[2026-06-01T09:16:00Z] Collected user snapshots: 2090 / 10000
[2026-06-01T09:16:13Z] Collected user snapshots: 2100 / 10000
[2026-06-01T09:16:27Z] Collected user snapshots: 2110 / 10000
[2026-06-01T09:16:41Z] Collected user snapshots: 2120 / 10000
[2026-06-01T09:16:56Z] Collected user snapshots: 2130 / 10000
[2026-06-01T09:17:11Z] Collected user snapshots: 2140 / 10000
[2026-06-01T09:17:26Z] Collected user snapshots: 2150 / 10000
[2026-06-01T09:17:40Z] Collected user snapshots: 2160 / 10000
[2026-06-01T09:17:54Z] Collected user snapshots: 2170 / 10000
[2026-06-01T09:18:07Z] Collected user snapshots: 2180 / 10000
[2026-06-01T09:18:20Z] Collected user snapshots: 2190 / 10000
[2026-06-01T09:18:33Z] Collected user snapshots: 2200 / 10000
[2026-06-01T09:18:47Z] Collected user snapshots: 2210 / 10000
[2026-06-01T09:19:02Z] Collected user snapshots: 2220 / 10000
[2026-06-01T09:19:18Z] Collected user snapshots: 2230 / 10000
[2026-06-01T09:19:32Z] Collected user snapshots: 2240 / 10000
[2026-06-01T09:19:45Z] Collected user snapshots: 2250 / 10000
[2026-06-01T09:19:59Z] Collected user snapshots: 2260 / 10000
[2026-06-01T09:20:13Z] Collected user snapshots: 2270 / 10000
[2026-06-01T09:20:27Z] Collected user snapshots: 2280 / 10000
[2026-06-01T09:20:40Z] Collected user snapshots: 2290 / 10000
[2026-06-01T09:20:53Z] Collected user snapshots: 2300 / 10000
[2026-06-01T09:21:07Z] Collected user snapshots: 2310 / 10000
[2026-06-01T09:21:22Z] Collected user snapshots: 2320 / 10000
[2026-06-01T09:21:36Z] Collected user snapshots: 2330 / 10000
[2026-06-01T09:21:49Z] Collected user snapshots: 2340 / 10000
[2026-06-01T09:22:03Z] Collected user snapshots: 2350 / 10000
[2026-06-01T09:22:16Z] Collected user snapshots: 2360 / 10000
[2026-06-01T09:22:30Z] Collected user snapshots: 2370 / 10000
[2026-06-01T09:22:43Z] Collected user snapshots: 2380 / 10000
[2026-06-01T09:22:57Z] Collected user snapshots: 2390 / 10000
[2026-06-01T09:23:10Z] Collected user snapshots: 2400 / 10000
[2026-06-01T09:23:24Z] Collected user snapshots: 2410 / 10000
[2026-06-01T09:23:39Z] Collected user snapshots: 2420 / 10000
[2026-06-01T09:23:53Z] Collected user snapshots: 2430 / 10000
[2026-06-01T09:24:07Z] Collected user snapshots: 2440 / 10000
[2026-06-01T09:24:21Z] Collected user snapshots: 2450 / 10000
[2026-06-01T09:24:35Z] Collected user snapshots: 2460 / 10000
[2026-06-01T09:24:49Z] Collected user snapshots: 2470 / 10000
[2026-06-01T09:25:03Z] Collected user snapshots: 2480 / 10000
[2026-06-01T09:25:18Z] Collected user snapshots: 2490 / 10000
[2026-06-01T09:25:32Z] Collected user snapshots: 2500 / 10000
[2026-06-01T09:25:46Z] Collected user snapshots: 2510 / 10000
[2026-06-01T09:26:00Z] Collected user snapshots: 2520 / 10000
[2026-06-01T09:26:14Z] Collected user snapshots: 2530 / 10000
[2026-06-01T09:26:29Z] Collected user snapshots: 2540 / 10000
[2026-06-01T09:26:45Z] Collected user snapshots: 2550 / 10000
[2026-06-01T09:26:59Z] Collected user snapshots: 2560 / 10000
[2026-06-01T09:27:12Z] Collected user snapshots: 2570 / 10000
[2026-06-01T09:27:27Z] Collected user snapshots: 2580 / 10000
[2026-06-01T09:27:40Z] Collected user snapshots: 2590 / 10000
[2026-06-01T09:27:53Z] Collected user snapshots: 2600 / 10000
[2026-06-01T09:28:08Z] Collected user snapshots: 2610 / 10000
[2026-06-01T09:28:23Z] Collected user snapshots: 2620 / 10000
[2026-06-01T09:28:36Z] Collected user snapshots: 2630 / 10000
[2026-06-01T09:28:49Z] Collected user snapshots: 2640 / 10000
[2026-06-01T09:29:04Z] Collected user snapshots: 2650 / 10000
[2026-06-01T09:29:17Z] Collected user snapshots: 2660 / 10000
[2026-06-01T09:29:32Z] Collected user snapshots: 2670 / 10000
[2026-06-01T09:29:46Z] Collected user snapshots: 2680 / 10000
[2026-06-01T09:30:00Z] Collected user snapshots: 2690 / 10000
[2026-06-01T09:30:13Z] Collected user snapshots: 2700 / 10000
[2026-06-01T09:30:27Z] Collected user snapshots: 2710 / 10000
[2026-06-01T09:30:41Z] Collected user snapshots: 2720 / 10000
[2026-06-01T09:30:54Z] Collected user snapshots: 2730 / 10000
[2026-06-01T09:31:08Z] Collected user snapshots: 2740 / 10000
[2026-06-01T09:31:22Z] Collected user snapshots: 2750 / 10000
[2026-06-01T09:31:36Z] Collected user snapshots: 2760 / 10000
[2026-06-01T09:31:49Z] Collected user snapshots: 2770 / 10000
[2026-06-01T09:32:04Z] Collected user snapshots: 2780 / 10000
[2026-06-01T09:32:17Z] Collected user snapshots: 2790 / 10000
[2026-06-01T09:32:32Z] Collected user snapshots: 2800 / 10000
[2026-06-01T09:32:45Z] Collected user snapshots: 2810 / 10000
[2026-06-01T09:32:59Z] Collected user snapshots: 2820 / 10000
[2026-06-01T09:33:12Z] Collected user snapshots: 2830 / 10000
[2026-06-01T09:33:25Z] Collected user snapshots: 2840 / 10000
[2026-06-01T09:33:38Z] Collected user snapshots: 2850 / 10000
[2026-06-01T09:33:50Z] Collected user snapshots: 2860 / 10000
[2026-06-01T09:34:02Z] Collected user snapshots: 2870 / 10000
[2026-06-01T09:34:14Z] Collected user snapshots: 2880 / 10000
[2026-06-01T09:34:26Z] Collected user snapshots: 2890 / 10000
[2026-06-01T09:34:38Z] Collected user snapshots: 2900 / 10000
[2026-06-01T09:34:52Z] Collected user snapshots: 2910 / 10000
[2026-06-01T09:35:05Z] Collected user snapshots: 2920 / 10000
[2026-06-01T09:35:19Z] Collected user snapshots: 2930 / 10000
[2026-06-01T09:35:33Z] Collected user snapshots: 2940 / 10000
[2026-06-01T09:35:48Z] Collected user snapshots: 2950 / 10000
[2026-06-01T09:36:04Z] Collected user snapshots: 2960 / 10000
[2026-06-01T09:36:17Z] Collected user snapshots: 2970 / 10000
[2026-06-01T09:36:31Z] Collected user snapshots: 2980 / 10000
[2026-06-01T09:36:44Z] Collected user snapshots: 2990 / 10000
[2026-06-01T09:36:58Z] Collected user snapshots: 3000 / 10000
[2026-06-01T09:37:11Z] Collected user snapshots: 3010 / 10000
[2026-06-01T09:37:27Z] Collected user snapshots: 3020 / 10000
[2026-06-01T09:37:41Z] Collected user snapshots: 3030 / 10000
[2026-06-01T09:37:55Z] Collected user snapshots: 3040 / 10000
[2026-06-01T09:38:09Z] Collected user snapshots: 3050 / 10000
[2026-06-01T09:38:22Z] Collected user snapshots: 3060 / 10000
[2026-06-01T09:38:35Z] Collected user snapshots: 3070 / 10000
[2026-06-01T09:38:49Z] Collected user snapshots: 3080 / 10000
[2026-06-01T09:39:02Z] Collected user snapshots: 3090 / 10000
[2026-06-01T09:39:15Z] Collected user snapshots: 3100 / 10000
[2026-06-01T09:39:29Z] Collected user snapshots: 3110 / 10000
[2026-06-01T09:39:42Z] Collected user snapshots: 3120 / 10000
[2026-06-01T09:39:56Z] Collected user snapshots: 3130 / 10000
[2026-06-01T09:40:10Z] Collected user snapshots: 3140 / 10000
[2026-06-01T09:40:23Z] Collected user snapshots: 3150 / 10000
[2026-06-01T09:40:36Z] Collected user snapshots: 3160 / 10000
[2026-06-01T09:40:49Z] Collected user snapshots: 3170 / 10000
[2026-06-01T09:41:02Z] Collected user snapshots: 3180 / 10000
[2026-06-01T09:41:14Z] Collected user snapshots: 3190 / 10000
[2026-06-01T09:41:27Z] Collected user snapshots: 3200 / 10000
[2026-06-01T09:41:40Z] Collected user snapshots: 3210 / 10000
[2026-06-01T09:41:53Z] Collected user snapshots: 3220 / 10000
[2026-06-01T09:42:07Z] Collected user snapshots: 3230 / 10000
[2026-06-01T09:42:20Z] Collected user snapshots: 3240 / 10000
[2026-06-01T09:42:33Z] Collected user snapshots: 3250 / 10000
[2026-06-01T09:42:46Z] Collected user snapshots: 3260 / 10000
[2026-06-01T09:42:59Z] Collected user snapshots: 3270 / 10000
[2026-06-01T09:43:11Z] Collected user snapshots: 3280 / 10000
[2026-06-01T09:43:23Z] Collected user snapshots: 3290 / 10000
[2026-06-01T09:43:35Z] Collected user snapshots: 3300 / 10000
[2026-06-01T09:43:49Z] Collected user snapshots: 3310 / 10000
[2026-06-01T09:44:04Z] Collected user snapshots: 3320 / 10000
[2026-06-01T09:44:18Z] Collected user snapshots: 3330 / 10000
[2026-06-01T09:44:31Z] Collected user snapshots: 3340 / 10000
[2026-06-01T09:44:44Z] Collected user snapshots: 3350 / 10000
[2026-06-01T09:44:58Z] Collected user snapshots: 3360 / 10000
[2026-06-01T09:45:11Z] Collected user snapshots: 3370 / 10000
[2026-06-01T09:45:26Z] Collected user snapshots: 3380 / 10000
[2026-06-01T09:45:40Z] Collected user snapshots: 3390 / 10000
[2026-06-01T09:45:53Z] Collected user snapshots: 3400 / 10000
[2026-06-01T09:46:08Z] Collected user snapshots: 3410 / 10000
[2026-06-01T09:46:23Z] Collected user snapshots: 3420 / 10000
[2026-06-01T09:46:38Z] Collected user snapshots: 3430 / 10000
[2026-06-01T09:46:51Z] Collected user snapshots: 3440 / 10000
[2026-06-01T09:47:05Z] Collected user snapshots: 3450 / 10000
[2026-06-01T09:47:18Z] Collected user snapshots: 3460 / 10000
[2026-06-01T09:47:31Z] Collected user snapshots: 3470 / 10000
[2026-06-01T09:47:45Z] Collected user snapshots: 3480 / 10000
[2026-06-01T09:47:58Z] Collected user snapshots: 3490 / 10000
[2026-06-01T09:48:11Z] Collected user snapshots: 3500 / 10000
[2026-06-01T09:48:25Z] Collected user snapshots: 3510 / 10000
[2026-06-01T09:48:39Z] Collected user snapshots: 3520 / 10000
[2026-06-01T09:48:52Z] Collected user snapshots: 3530 / 10000
[2026-06-01T09:49:07Z] Collected user snapshots: 3540 / 10000
[2026-06-01T09:49:20Z] Collected user snapshots: 3550 / 10000
[2026-06-01T09:49:33Z] Collected user snapshots: 3560 / 10000
[2026-06-01T09:49:47Z] Collected user snapshots: 3570 / 10000
[2026-06-01T09:50:01Z] Collected user snapshots: 3580 / 10000
[2026-06-01T09:50:14Z] Collected user snapshots: 3590 / 10000
[2026-06-01T09:50:27Z] Collected user snapshots: 3600 / 10000
[2026-06-01T09:50:40Z] Collected user snapshots: 3610 / 10000
[2026-06-01T09:50:54Z] Collected user snapshots: 3620 / 10000
[2026-06-01T09:51:07Z] Collected user snapshots: 3630 / 10000
[2026-06-01T09:51:20Z] Collected user snapshots: 3640 / 10000
[2026-06-01T09:51:35Z] Collected user snapshots: 3650 / 10000
[2026-06-01T09:51:50Z] Collected user snapshots: 3660 / 10000
[2026-06-01T09:52:02Z] Collected user snapshots: 3670 / 10000
[2026-06-01T09:52:15Z] Collected user snapshots: 3680 / 10000
[2026-06-01T09:52:27Z] Collected user snapshots: 3690 / 10000
[2026-06-01T09:52:40Z] Collected user snapshots: 3700 / 10000
[2026-06-01T09:52:53Z] Collected user snapshots: 3710 / 10000
[2026-06-01T09:53:06Z] Collected user snapshots: 3720 / 10000
[2026-06-01T09:53:19Z] Collected user snapshots: 3730 / 10000
[2026-06-01T09:53:32Z] Collected user snapshots: 3740 / 10000
[2026-06-01T09:53:44Z] Collected user snapshots: 3750 / 10000
[2026-06-01T09:53:56Z] Collected user snapshots: 3760 / 10000
[2026-06-01T09:54:08Z] Collected user snapshots: 3770 / 10000
[2026-06-01T09:54:20Z] Collected user snapshots: 3780 / 10000
[2026-06-01T09:54:32Z] Collected user snapshots: 3790 / 10000
[2026-06-01T09:54:44Z] Collected user snapshots: 3800 / 10000
[2026-06-01T09:54:58Z] Collected user snapshots: 3810 / 10000
[2026-06-01T09:55:11Z] Collected user snapshots: 3820 / 10000
[2026-06-01T09:55:24Z] Collected user snapshots: 3830 / 10000
[2026-06-01T09:55:37Z] Collected user snapshots: 3840 / 10000
[2026-06-01T09:55:51Z] Collected user snapshots: 3850 / 10000
[2026-06-01T09:56:05Z] Collected user snapshots: 3860 / 10000
[2026-06-01T09:56:18Z] Collected user snapshots: 3870 / 10000
[2026-06-01T09:56:33Z] Collected user snapshots: 3880 / 10000
[2026-06-01T09:56:47Z] Collected user snapshots: 3890 / 10000
[2026-06-01T09:56:59Z] Collected user snapshots: 3900 / 10000
[2026-06-01T09:57:12Z] Collected user snapshots: 3910 / 10000
[2026-06-01T09:57:25Z] Collected user snapshots: 3920 / 10000
[2026-06-01T09:57:39Z] Collected user snapshots: 3930 / 10000
[2026-06-01T09:57:52Z] Collected user snapshots: 3940 / 10000
[2026-06-01T09:58:05Z] Collected user snapshots: 3950 / 10000
[2026-06-01T09:58:18Z] Collected user snapshots: 3960 / 10000
[2026-06-01T09:58:30Z] Collected user snapshots: 3970 / 10000
[2026-06-01T09:58:42Z] Collected user snapshots: 3980 / 10000
[2026-06-01T09:58:54Z] Collected user snapshots: 3990 / 10000
[2026-06-01T09:59:05Z] Collected user snapshots: 4000 / 10000
[2026-06-01T09:59:20Z] Collected user snapshots: 4010 / 10000
[2026-06-01T09:59:33Z] Collected user snapshots: 4020 / 10000
[2026-06-01T09:59:46Z] Collected user snapshots: 4030 / 10000
[2026-06-01T09:59:58Z] Collected user snapshots: 4040 / 10000
[2026-06-01T10:00:11Z] Collected user snapshots: 4050 / 10000
[2026-06-01T10:00:24Z] Collected user snapshots: 4060 / 10000
[2026-06-01T10:00:37Z] Collected user snapshots: 4070 / 10000
[2026-06-01T10:00:50Z] Collected user snapshots: 4080 / 10000
[2026-06-01T10:01:02Z] Collected user snapshots: 4090 / 10000
[2026-06-01T10:01:14Z] Collected user snapshots: 4100 / 10000
[2026-06-01T10:01:29Z] Collected user snapshots: 4110 / 10000
[2026-06-01T10:01:47Z] Collected user snapshots: 4120 / 10000
[2026-06-01T10:02:03Z] Collected user snapshots: 4130 / 10000
[2026-06-01T10:02:18Z] Collected user snapshots: 4140 / 10000
[2026-06-01T10:02:30Z] Collected user snapshots: 4150 / 10000
[2026-06-01T10:02:44Z] Collected user snapshots: 4160 / 10000
[2026-06-01T10:02:57Z] Collected user snapshots: 4170 / 10000
[2026-06-01T10:03:10Z] Collected user snapshots: 4180 / 10000
[2026-06-01T10:03:22Z] Collected user snapshots: 4190 / 10000
[2026-06-01T10:03:35Z] Collected user snapshots: 4200 / 10000
[2026-06-01T10:03:49Z] Collected user snapshots: 4210 / 10000
[2026-06-01T10:04:03Z] Collected user snapshots: 4220 / 10000
[2026-06-01T10:04:16Z] Collected user snapshots: 4230 / 10000
[2026-06-01T10:04:29Z] Collected user snapshots: 4240 / 10000
[2026-06-01T10:04:42Z] Collected user snapshots: 4250 / 10000
[2026-06-01T10:04:56Z] Collected user snapshots: 4260 / 10000
[2026-06-01T10:05:09Z] Collected user snapshots: 4270 / 10000
[2026-06-01T10:05:22Z] Collected user snapshots: 4280 / 10000
[2026-06-01T10:05:34Z] Collected user snapshots: 4290 / 10000
[2026-06-01T10:05:46Z] Collected user snapshots: 4300 / 10000
[2026-06-01T10:06:00Z] Collected user snapshots: 4310 / 10000
[2026-06-01T10:06:14Z] Collected user snapshots: 4320 / 10000
[2026-06-01T10:06:28Z] Collected user snapshots: 4330 / 10000
[2026-06-01T10:06:42Z] Collected user snapshots: 4340 / 10000
[2026-06-01T10:06:56Z] Collected user snapshots: 4350 / 10000
[2026-06-01T10:07:10Z] Collected user snapshots: 4360 / 10000
[2026-06-01T10:07:23Z] Collected user snapshots: 4370 / 10000
[2026-06-01T10:07:37Z] Collected user snapshots: 4380 / 10000
[2026-06-01T10:07:50Z] Collected user snapshots: 4390 / 10000
[2026-06-01T10:08:03Z] Collected user snapshots: 4400 / 10000
[2026-06-01T10:08:17Z] Collected user snapshots: 4410 / 10000
[2026-06-01T10:08:30Z] Collected user snapshots: 4420 / 10000
[2026-06-01T10:08:43Z] Collected user snapshots: 4430 / 10000
[2026-06-01T10:08:55Z] Collected user snapshots: 4440 / 10000
[2026-06-01T10:09:08Z] Collected user snapshots: 4450 / 10000
[2026-06-01T10:09:20Z] Collected user snapshots: 4460 / 10000
[2026-06-01T10:09:32Z] Collected user snapshots: 4470 / 10000
[2026-06-01T10:09:44Z] Collected user snapshots: 4480 / 10000
[2026-06-01T10:09:56Z] Collected user snapshots: 4490 / 10000
[2026-06-01T10:10:12Z] Collected user snapshots: 4500 / 10000
[2026-06-01T10:10:26Z] Collected user snapshots: 4510 / 10000
[2026-06-01T10:10:38Z] Collected user snapshots: 4520 / 10000
[2026-06-01T10:10:51Z] Collected user snapshots: 4530 / 10000
[2026-06-01T10:11:03Z] Collected user snapshots: 4540 / 10000
[2026-06-01T10:11:15Z] Collected user snapshots: 4550 / 10000
[2026-06-01T10:11:28Z] Collected user snapshots: 4560 / 10000
[2026-06-01T10:11:40Z] Collected user snapshots: 4570 / 10000
[2026-06-01T10:11:52Z] Collected user snapshots: 4580 / 10000
[2026-06-01T10:12:04Z] Collected user snapshots: 4590 / 10000
[2026-06-01T10:12:16Z] Collected user snapshots: 4600 / 10000
[2026-06-01T10:12:30Z] Collected user snapshots: 4610 / 10000
[2026-06-01T10:12:43Z] Collected user snapshots: 4620 / 10000
[2026-06-01T10:12:55Z] Collected user snapshots: 4630 / 10000
[2026-06-01T10:13:08Z] Collected user snapshots: 4640 / 10000
[2026-06-01T10:13:20Z] Collected user snapshots: 4650 / 10000
[2026-06-01T10:13:32Z] Collected user snapshots: 4660 / 10000
[2026-06-01T10:13:44Z] Collected user snapshots: 4670 / 10000
[2026-06-01T10:13:56Z] Collected user snapshots: 4680 / 10000
[2026-06-01T10:14:08Z] Collected user snapshots: 4690 / 10000
[2026-06-01T10:14:19Z] Collected user snapshots: 4700 / 10000
[2026-06-01T10:14:33Z] Collected user snapshots: 4710 / 10000
[2026-06-01T10:14:46Z] Collected user snapshots: 4720 / 10000
[2026-06-01T10:14:59Z] Collected user snapshots: 4730 / 10000
[2026-06-01T10:15:12Z] Collected user snapshots: 4740 / 10000
[2026-06-01T10:15:25Z] Collected user snapshots: 4750 / 10000
[2026-06-01T10:15:38Z] Collected user snapshots: 4760 / 10000
[2026-06-01T10:15:55Z] Collected user snapshots: 4770 / 10000
[2026-06-01T10:16:08Z] Collected user snapshots: 4780 / 10000
[2026-06-01T10:16:20Z] Collected user snapshots: 4790 / 10000
[2026-06-01T10:16:32Z] Collected user snapshots: 4800 / 10000
[2026-06-01T10:16:46Z] Collected user snapshots: 4810 / 10000
[2026-06-01T10:16:59Z] Collected user snapshots: 4820 / 10000
[2026-06-01T10:17:12Z] Collected user snapshots: 4830 / 10000
[2026-06-01T10:17:24Z] Collected user snapshots: 4840 / 10000
[2026-06-01T10:17:37Z] Collected user snapshots: 4850 / 10000
[2026-06-01T10:17:49Z] Collected user snapshots: 4860 / 10000
[2026-06-01T10:18:01Z] Collected user snapshots: 4870 / 10000
[2026-06-01T10:18:15Z] Collected user snapshots: 4880 / 10000
[2026-06-01T10:18:28Z] Collected user snapshots: 4890 / 10000
[2026-06-01T10:18:40Z] Collected user snapshots: 4900 / 10000
[2026-06-01T10:18:54Z] Collected user snapshots: 4910 / 10000
[2026-06-01T10:19:08Z] Collected user snapshots: 4920 / 10000
[2026-06-01T10:19:22Z] Collected user snapshots: 4930 / 10000
[2026-06-01T10:19:35Z] Collected user snapshots: 4940 / 10000
[2026-06-01T10:19:48Z] Collected user snapshots: 4950 / 10000
[2026-06-01T10:20:01Z] Collected user snapshots: 4960 / 10000
[2026-06-01T10:20:13Z] Collected user snapshots: 4970 / 10000
[2026-06-01T10:20:25Z] Collected user snapshots: 4980 / 10000
[2026-06-01T10:20:38Z] Collected user snapshots: 4990 / 10000
[2026-06-01T10:20:49Z] Collected user snapshots: 5000 / 10000
[2026-06-01T10:21:04Z] Collected user snapshots: 5010 / 10000
[2026-06-01T10:21:18Z] Collected user snapshots: 5020 / 10000
[2026-06-01T10:21:32Z] Collected user snapshots: 5030 / 10000
[2026-06-01T10:21:46Z] Collected user snapshots: 5040 / 10000
[2026-06-01T10:22:01Z] Collected user snapshots: 5050 / 10000
[2026-06-01T10:22:14Z] Collected user snapshots: 5060 / 10000
[2026-06-01T10:22:29Z] Collected user snapshots: 5070 / 10000
[2026-06-01T10:22:42Z] Collected user snapshots: 5080 / 10000
[2026-06-01T10:22:57Z] Collected user snapshots: 5090 / 10000
[2026-06-01T10:23:09Z] Collected user snapshots: 5100 / 10000
[2026-06-01T10:23:23Z] Collected user snapshots: 5110 / 10000
[2026-06-01T10:23:38Z] Collected user snapshots: 5120 / 10000
[2026-06-01T10:23:51Z] Collected user snapshots: 5130 / 10000
[2026-06-01T10:24:05Z] Collected user snapshots: 5140 / 10000
[2026-06-01T10:24:19Z] Collected user snapshots: 5150 / 10000
[2026-06-01T10:24:31Z] Collected user snapshots: 5160 / 10000
[2026-06-01T10:24:43Z] Collected user snapshots: 5170 / 10000
[2026-06-01T10:24:56Z] Collected user snapshots: 5180 / 10000
[2026-06-01T10:25:08Z] Collected user snapshots: 5190 / 10000
[2026-06-01T10:25:19Z] Collected user snapshots: 5200 / 10000
[2026-06-01T10:25:33Z] Collected user snapshots: 5210 / 10000
[2026-06-01T10:25:46Z] Collected user snapshots: 5220 / 10000
[2026-06-01T10:26:00Z] Collected user snapshots: 5230 / 10000
[2026-06-01T10:26:13Z] Collected user snapshots: 5240 / 10000
[2026-06-01T10:26:26Z] Collected user snapshots: 5250 / 10000
[2026-06-01T10:26:39Z] Collected user snapshots: 5260 / 10000
[2026-06-01T10:26:52Z] Collected user snapshots: 5270 / 10000
[2026-06-01T10:27:04Z] Collected user snapshots: 5280 / 10000
[2026-06-01T10:27:17Z] Collected user snapshots: 5290 / 10000
[2026-06-01T10:27:30Z] Collected user snapshots: 5300 / 10000
[2026-06-01T10:27:46Z] Collected user snapshots: 5310 / 10000
[2026-06-01T10:27:59Z] Collected user snapshots: 5320 / 10000
[2026-06-01T10:28:12Z] Collected user snapshots: 5330 / 10000
[2026-06-01T10:28:24Z] Collected user snapshots: 5340 / 10000
[2026-06-01T10:28:36Z] Collected user snapshots: 5350 / 10000
[2026-06-01T10:28:50Z] Collected user snapshots: 5360 / 10000
[2026-06-01T10:29:04Z] Collected user snapshots: 5370 / 10000
[2026-06-01T10:29:16Z] Collected user snapshots: 5380 / 10000
[2026-06-01T10:29:28Z] Collected user snapshots: 5390 / 10000
[2026-06-01T10:29:40Z] Collected user snapshots: 5400 / 10000
[2026-06-01T10:29:54Z] Collected user snapshots: 5410 / 10000
[2026-06-01T10:30:13Z] Collected user snapshots: 5420 / 10000
[2026-06-01T10:30:26Z] Collected user snapshots: 5430 / 10000
[2026-06-01T10:30:39Z] Collected user snapshots: 5440 / 10000
[2026-06-01T10:30:52Z] Collected user snapshots: 5450 / 10000
[2026-06-01T10:31:05Z] Collected user snapshots: 5460 / 10000
[2026-06-01T10:31:18Z] Collected user snapshots: 5470 / 10000
[2026-06-01T10:31:30Z] Collected user snapshots: 5480 / 10000
[2026-06-01T10:31:43Z] Collected user snapshots: 5490 / 10000
[2026-06-01T10:31:54Z] Collected user snapshots: 5500 / 10000
[2026-06-01T10:32:10Z] Collected user snapshots: 5510 / 10000
[2026-06-01T10:32:24Z] Collected user snapshots: 5520 / 10000
[2026-06-01T10:32:37Z] Collected user snapshots: 5530 / 10000
[2026-06-01T10:32:50Z] Collected user snapshots: 5540 / 10000
[2026-06-01T10:33:03Z] Collected user snapshots: 5550 / 10000
[2026-06-01T10:33:17Z] Collected user snapshots: 5560 / 10000
[2026-06-01T10:33:30Z] Collected user snapshots: 5570 / 10000
[2026-06-01T10:33:43Z] Collected user snapshots: 5580 / 10000
[2026-06-01T10:33:57Z] Collected user snapshots: 5590 / 10000
[2026-06-01T10:34:09Z] Collected user snapshots: 5600 / 10000
[2026-06-01T10:34:23Z] Collected user snapshots: 5610 / 10000
[2026-06-01T10:34:38Z] Collected user snapshots: 5620 / 10000
[2026-06-01T10:34:51Z] Collected user snapshots: 5630 / 10000
[2026-06-01T10:35:05Z] Collected user snapshots: 5640 / 10000
[2026-06-01T10:35:18Z] Collected user snapshots: 5650 / 10000
[2026-06-01T10:35:30Z] Collected user snapshots: 5660 / 10000
[2026-06-01T10:35:42Z] Collected user snapshots: 5670 / 10000
[2026-06-01T10:35:55Z] Collected user snapshots: 5680 / 10000
[2026-06-01T10:36:08Z] Collected user snapshots: 5690 / 10000
[2026-06-01T10:36:21Z] Collected user snapshots: 5700 / 10000
[2026-06-01T10:36:36Z] Collected user snapshots: 5710 / 10000
[2026-06-01T10:36:50Z] Collected user snapshots: 5720 / 10000
[2026-06-01T10:37:04Z] Collected user snapshots: 5730 / 10000
[2026-06-01T10:37:19Z] Collected user snapshots: 5740 / 10000
[2026-06-01T10:37:33Z] Collected user snapshots: 5750 / 10000
[2026-06-01T10:37:46Z] Collected user snapshots: 5760 / 10000
[2026-06-01T10:37:58Z] Collected user snapshots: 5770 / 10000
[2026-06-01T10:38:12Z] Collected user snapshots: 5780 / 10000
[2026-06-01T10:38:26Z] Collected user snapshots: 5790 / 10000
[2026-06-01T10:38:38Z] Collected user snapshots: 5800 / 10000
[2026-06-01T10:38:52Z] Collected user snapshots: 5810 / 10000
[2026-06-01T10:39:05Z] Collected user snapshots: 5820 / 10000
[2026-06-01T10:39:18Z] Collected user snapshots: 5830 / 10000
[2026-06-01T10:39:31Z] Collected user snapshots: 5840 / 10000
[2026-06-01T10:39:43Z] Collected user snapshots: 5850 / 10000
[2026-06-01T10:39:56Z] Collected user snapshots: 5860 / 10000
[2026-06-01T10:40:08Z] Collected user snapshots: 5870 / 10000
[2026-06-01T10:40:21Z] Collected user snapshots: 5880 / 10000
[2026-06-01T10:40:33Z] Collected user snapshots: 5890 / 10000
[2026-06-01T10:40:45Z] Collected user snapshots: 5900 / 10000
[2026-06-01T10:41:01Z] Collected user snapshots: 5910 / 10000
[2026-06-01T10:41:16Z] Collected user snapshots: 5920 / 10000
[2026-06-01T10:41:31Z] Collected user snapshots: 5930 / 10000
[2026-06-01T10:41:45Z] Collected user snapshots: 5940 / 10000
[2026-06-01T10:41:59Z] Collected user snapshots: 5950 / 10000
[2026-06-01T10:42:12Z] Collected user snapshots: 5960 / 10000
[2026-06-01T10:42:25Z] Collected user snapshots: 5970 / 10000
[2026-06-01T10:42:37Z] Collected user snapshots: 5980 / 10000
[2026-06-01T10:42:50Z] Collected user snapshots: 5990 / 10000
[2026-06-01T10:43:01Z] Collected user snapshots: 6000 / 10000
[2026-06-01T10:43:16Z] Collected user snapshots: 6010 / 10000
[2026-06-01T10:43:31Z] Collected user snapshots: 6020 / 10000
[2026-06-01T10:43:45Z] Collected user snapshots: 6030 / 10000
[2026-06-01T10:43:59Z] Collected user snapshots: 6040 / 10000
[2026-06-01T10:44:12Z] Collected user snapshots: 6050 / 10000
[2026-06-01T10:44:25Z] Collected user snapshots: 6060 / 10000
[2026-06-01T10:44:38Z] Collected user snapshots: 6070 / 10000
[2026-06-01T10:44:50Z] Collected user snapshots: 6080 / 10000
[2026-06-01T10:45:02Z] Collected user snapshots: 6090 / 10000
[2026-06-01T10:45:15Z] Collected user snapshots: 6100 / 10000
[2026-06-01T10:45:28Z] Collected user snapshots: 6110 / 10000
[2026-06-01T10:45:41Z] Collected user snapshots: 6120 / 10000
[2026-06-01T10:45:54Z] Collected user snapshots: 6130 / 10000
[2026-06-01T10:46:06Z] Collected user snapshots: 6140 / 10000
[2026-06-01T10:46:18Z] Collected user snapshots: 6150 / 10000
[2026-06-01T10:46:30Z] Collected user snapshots: 6160 / 10000
[2026-06-01T10:46:44Z] Collected user snapshots: 6170 / 10000
[2026-06-01T10:46:56Z] Collected user snapshots: 6180 / 10000
[2026-06-01T10:47:09Z] Collected user snapshots: 6190 / 10000
[2026-06-01T10:47:22Z] Collected user snapshots: 6200 / 10000
[2026-06-01T10:47:36Z] Collected user snapshots: 6210 / 10000
[2026-06-01T10:47:50Z] Collected user snapshots: 6220 / 10000
[2026-06-01T10:48:03Z] Collected user snapshots: 6230 / 10000
[2026-06-01T10:48:17Z] Collected user snapshots: 6240 / 10000
[2026-06-01T10:48:31Z] Collected user snapshots: 6250 / 10000
[2026-06-01T10:48:44Z] Collected user snapshots: 6260 / 10000
[2026-06-01T10:48:56Z] Collected user snapshots: 6270 / 10000
[2026-06-01T10:49:09Z] Collected user snapshots: 6280 / 10000
[2026-06-01T10:49:22Z] Collected user snapshots: 6290 / 10000
[2026-06-01T10:49:35Z] Collected user snapshots: 6300 / 10000
[2026-06-01T10:49:49Z] Collected user snapshots: 6310 / 10000
[2026-06-01T10:50:02Z] Collected user snapshots: 6320 / 10000
[2026-06-01T10:50:15Z] Collected user snapshots: 6330 / 10000
[2026-06-01T10:50:28Z] Collected user snapshots: 6340 / 10000
[2026-06-01T10:50:41Z] Collected user snapshots: 6350 / 10000
[2026-06-01T10:50:54Z] Collected user snapshots: 6360 / 10000
[2026-06-01T10:51:07Z] Collected user snapshots: 6370 / 10000
[2026-06-01T10:51:20Z] Collected user snapshots: 6380 / 10000
[2026-06-01T10:51:34Z] Collected user snapshots: 6390 / 10000
[2026-06-01T10:51:47Z] Collected user snapshots: 6400 / 10000
[2026-06-01T10:52:01Z] Collected user snapshots: 6410 / 10000
[2026-06-01T10:52:15Z] Collected user snapshots: 6420 / 10000
[2026-06-01T10:52:28Z] Collected user snapshots: 6430 / 10000
[2026-06-01T10:52:40Z] Collected user snapshots: 6440 / 10000
[2026-06-01T10:52:53Z] Collected user snapshots: 6450 / 10000
[2026-06-01T10:53:06Z] Collected user snapshots: 6460 / 10000
[2026-06-01T10:53:20Z] Collected user snapshots: 6470 / 10000
[2026-06-01T10:53:33Z] Collected user snapshots: 6480 / 10000
[2026-06-01T10:53:45Z] Collected user snapshots: 6490 / 10000
[2026-06-01T10:53:57Z] Collected user snapshots: 6500 / 10000
[2026-06-01T10:54:11Z] Collected user snapshots: 6510 / 10000
[2026-06-01T10:54:25Z] Collected user snapshots: 6520 / 10000
[2026-06-01T10:54:37Z] Collected user snapshots: 6530 / 10000
[2026-06-01T10:54:50Z] Collected user snapshots: 6540 / 10000
[2026-06-01T10:55:03Z] Collected user snapshots: 6550 / 10000
[2026-06-01T10:55:16Z] Collected user snapshots: 6560 / 10000
[2026-06-01T10:55:29Z] Collected user snapshots: 6570 / 10000
[2026-06-01T10:55:41Z] Collected user snapshots: 6580 / 10000
[2026-06-01T10:55:53Z] Collected user snapshots: 6590 / 10000
[2026-06-01T10:56:05Z] Collected user snapshots: 6600 / 10000
[2026-06-01T10:56:20Z] Collected user snapshots: 6610 / 10000
[2026-06-01T10:56:35Z] Collected user snapshots: 6620 / 10000
[2026-06-01T10:56:49Z] Collected user snapshots: 6630 / 10000
[2026-06-01T10:57:03Z] Collected user snapshots: 6640 / 10000
[2026-06-01T10:57:16Z] Collected user snapshots: 6650 / 10000
[2026-06-01T10:57:29Z] Collected user snapshots: 6660 / 10000
[2026-06-01T10:57:42Z] Collected user snapshots: 6670 / 10000
[2026-06-01T10:57:56Z] Collected user snapshots: 6680 / 10000
[2026-06-01T10:58:09Z] Collected user snapshots: 6690 / 10000
[2026-06-01T10:58:20Z] Collected user snapshots: 6700 / 10000
[2026-06-01T10:58:34Z] Collected user snapshots: 6710 / 10000
[2026-06-01T10:58:47Z] Collected user snapshots: 6720 / 10000
[2026-06-01T10:58:59Z] Collected user snapshots: 6730 / 10000
[2026-06-01T10:59:13Z] Collected user snapshots: 6740 / 10000
[2026-06-01T10:59:27Z] Collected user snapshots: 6750 / 10000
[2026-06-01T10:59:40Z] Collected user snapshots: 6760 / 10000
[2026-06-01T10:59:53Z] Collected user snapshots: 6770 / 10000
[2026-06-01T11:00:05Z] Collected user snapshots: 6780 / 10000
[2026-06-01T11:00:17Z] Collected user snapshots: 6790 / 10000
[2026-06-01T11:00:30Z] Collected user snapshots: 6800 / 10000
[2026-06-01T11:00:45Z] Collected user snapshots: 6810 / 10000
[2026-06-01T11:00:59Z] Collected user snapshots: 6820 / 10000
[2026-06-01T11:01:12Z] Collected user snapshots: 6830 / 10000
[2026-06-01T11:01:25Z] Collected user snapshots: 6840 / 10000
[2026-06-01T11:01:39Z] Collected user snapshots: 6850 / 10000
[2026-06-01T11:01:52Z] Collected user snapshots: 6860 / 10000
[2026-06-01T11:02:05Z] Collected user snapshots: 6870 / 10000
[2026-06-01T11:02:18Z] Collected user snapshots: 6880 / 10000
[2026-06-01T11:02:30Z] Collected user snapshots: 6890 / 10000
[2026-06-01T11:02:42Z] Collected user snapshots: 6900 / 10000
[2026-06-01T11:02:59Z] Collected user snapshots: 6910 / 10000
[2026-06-01T11:03:12Z] Collected user snapshots: 6920 / 10000
[2026-06-01T11:03:26Z] Collected user snapshots: 6930 / 10000
[2026-06-01T11:03:40Z] Collected user snapshots: 6940 / 10000
[2026-06-01T11:03:52Z] Collected user snapshots: 6950 / 10000
[2026-06-01T11:04:06Z] Collected user snapshots: 6960 / 10000
[2026-06-01T11:04:18Z] Collected user snapshots: 6970 / 10000
[2026-06-01T11:04:31Z] Collected user snapshots: 6980 / 10000
[2026-06-01T11:04:43Z] Collected user snapshots: 6990 / 10000
[2026-06-01T11:04:54Z] Collected user snapshots: 7000 / 10000
[2026-06-01T11:05:09Z] Collected user snapshots: 7010 / 10000
[2026-06-01T11:05:22Z] Collected user snapshots: 7020 / 10000
[2026-06-01T11:05:35Z] Collected user snapshots: 7030 / 10000
[2026-06-01T11:05:48Z] Collected user snapshots: 7040 / 10000
[2026-06-01T11:06:01Z] Collected user snapshots: 7050 / 10000
[2026-06-01T11:06:13Z] Collected user snapshots: 7060 / 10000
[2026-06-01T11:06:25Z] Collected user snapshots: 7070 / 10000
[2026-06-01T11:06:37Z] Collected user snapshots: 7080 / 10000
[2026-06-01T11:06:49Z] Collected user snapshots: 7090 / 10000
[2026-06-01T11:07:02Z] Collected user snapshots: 7100 / 10000
[2026-06-01T11:07:16Z] Collected user snapshots: 7110 / 10000
[2026-06-01T11:07:31Z] Collected user snapshots: 7120 / 10000
[2026-06-01T11:07:44Z] Collected user snapshots: 7130 / 10000
[2026-06-01T11:07:56Z] Collected user snapshots: 7140 / 10000
[2026-06-01T11:08:09Z] Collected user snapshots: 7150 / 10000
[2026-06-01T11:08:22Z] Collected user snapshots: 7160 / 10000
[2026-06-01T11:08:34Z] Collected user snapshots: 7170 / 10000
[2026-06-01T11:08:48Z] Collected user snapshots: 7180 / 10000
[2026-06-01T11:09:00Z] Collected user snapshots: 7190 / 10000
[2026-06-01T11:09:14Z] Collected user snapshots: 7200 / 10000
[2026-06-01T11:09:28Z] Collected user snapshots: 7210 / 10000
[2026-06-01T11:09:42Z] Collected user snapshots: 7220 / 10000
[2026-06-01T11:09:55Z] Collected user snapshots: 7230 / 10000
[2026-06-01T11:10:09Z] Collected user snapshots: 7240 / 10000
[2026-06-01T11:10:23Z] Collected user snapshots: 7250 / 10000
[2026-06-01T11:10:35Z] Collected user snapshots: 7260 / 10000
[2026-06-01T11:10:47Z] Collected user snapshots: 7270 / 10000
[2026-06-01T11:11:00Z] Collected user snapshots: 7280 / 10000
[2026-06-01T11:11:13Z] Collected user snapshots: 7290 / 10000
[2026-06-01T11:11:26Z] Collected user snapshots: 7300 / 10000
[2026-06-01T11:11:40Z] Collected user snapshots: 7310 / 10000
[2026-06-01T11:11:54Z] Collected user snapshots: 7320 / 10000
[2026-06-01T11:12:07Z] Collected user snapshots: 7330 / 10000
[2026-06-01T11:12:20Z] Collected user snapshots: 7340 / 10000
[2026-06-01T11:12:32Z] Collected user snapshots: 7350 / 10000
[2026-06-01T11:12:45Z] Collected user snapshots: 7360 / 10000
[2026-06-01T11:12:57Z] Collected user snapshots: 7370 / 10000
[2026-06-01T11:13:10Z] Collected user snapshots: 7380 / 10000
[2026-06-01T11:13:22Z] Collected user snapshots: 7390 / 10000
[2026-06-01T11:13:34Z] Collected user snapshots: 7400 / 10000
[2026-06-01T11:13:48Z] Collected user snapshots: 7410 / 10000
[2026-06-01T11:14:01Z] Collected user snapshots: 7420 / 10000
[2026-06-01T11:14:15Z] Collected user snapshots: 7430 / 10000
[2026-06-01T11:14:27Z] Collected user snapshots: 7440 / 10000
[2026-06-01T11:14:39Z] Collected user snapshots: 7450 / 10000
[2026-06-01T11:14:52Z] Collected user snapshots: 7460 / 10000
[2026-06-01T11:15:04Z] Collected user snapshots: 7470 / 10000
[2026-06-01T11:15:16Z] Collected user snapshots: 7480 / 10000
[2026-06-01T11:15:29Z] Collected user snapshots: 7490 / 10000
[2026-06-01T11:15:41Z] Collected user snapshots: 7500 / 10000
[2026-06-01T11:15:54Z] Collected user snapshots: 7510 / 10000
[2026-06-01T11:16:07Z] Collected user snapshots: 7520 / 10000
[2026-06-01T11:16:20Z] Collected user snapshots: 7530 / 10000
[2026-06-01T11:16:33Z] Collected user snapshots: 7540 / 10000
[2026-06-01T11:16:45Z] Collected user snapshots: 7550 / 10000
[2026-06-01T11:16:57Z] Collected user snapshots: 7560 / 10000
[2026-06-01T11:17:10Z] Collected user snapshots: 7570 / 10000
[2026-06-01T11:17:24Z] Collected user snapshots: 7580 / 10000
[2026-06-01T11:17:35Z] Collected user snapshots: 7590 / 10000
[2026-06-01T11:17:48Z] Collected user snapshots: 7600 / 10000
[2026-06-01T11:18:03Z] Collected user snapshots: 7610 / 10000
[2026-06-01T11:18:17Z] Collected user snapshots: 7620 / 10000
[2026-06-01T11:18:31Z] Collected user snapshots: 7630 / 10000
[2026-06-01T11:18:43Z] Collected user snapshots: 7640 / 10000
[2026-06-01T11:18:56Z] Collected user snapshots: 7650 / 10000
[2026-06-01T11:19:08Z] Collected user snapshots: 7660 / 10000
[2026-06-01T11:19:21Z] Collected user snapshots: 7670 / 10000
[2026-06-01T11:19:33Z] Collected user snapshots: 7680 / 10000
[2026-06-01T11:19:46Z] Collected user snapshots: 7690 / 10000
[2026-06-01T11:19:58Z] Collected user snapshots: 7700 / 10000
[2026-06-01T11:20:11Z] Collected user snapshots: 7710 / 10000
[2026-06-01T11:20:25Z] Collected user snapshots: 7720 / 10000
[2026-06-01T11:20:38Z] Collected user snapshots: 7730 / 10000
[2026-06-01T11:20:50Z] Collected user snapshots: 7740 / 10000
[2026-06-01T11:21:03Z] Collected user snapshots: 7750 / 10000
[2026-06-01T11:21:16Z] Collected user snapshots: 7760 / 10000
[2026-06-01T11:21:29Z] Collected user snapshots: 7770 / 10000
[2026-06-01T11:21:41Z] Collected user snapshots: 7780 / 10000
[2026-06-01T11:21:54Z] Collected user snapshots: 7790 / 10000
[2026-06-01T11:22:06Z] Collected user snapshots: 7800 / 10000
[2026-06-01T11:22:19Z] Collected user snapshots: 7810 / 10000
[2026-06-01T11:22:33Z] Collected user snapshots: 7820 / 10000
[2026-06-01T11:22:47Z] Collected user snapshots: 7830 / 10000
[2026-06-01T11:22:59Z] Collected user snapshots: 7840 / 10000
[2026-06-01T11:23:12Z] Collected user snapshots: 7850 / 10000
[2026-06-01T11:23:25Z] Collected user snapshots: 7860 / 10000
[2026-06-01T11:23:38Z] Collected user snapshots: 7870 / 10000
[2026-06-01T11:23:50Z] Collected user snapshots: 7880 / 10000
[2026-06-01T11:24:02Z] Collected user snapshots: 7890 / 10000
[2026-06-01T11:24:14Z] Collected user snapshots: 7900 / 10000
[2026-06-01T11:24:28Z] Collected user snapshots: 7910 / 10000
[2026-06-01T11:24:42Z] Collected user snapshots: 7920 / 10000
[2026-06-01T11:24:55Z] Collected user snapshots: 7930 / 10000
[2026-06-01T11:25:08Z] Collected user snapshots: 7940 / 10000
[2026-06-01T11:25:22Z] Collected user snapshots: 7950 / 10000
[2026-06-01T11:25:35Z] Collected user snapshots: 7960 / 10000
[2026-06-01T11:25:48Z] Collected user snapshots: 7970 / 10000
[2026-06-01T11:26:01Z] Collected user snapshots: 7980 / 10000
[2026-06-01T11:26:13Z] Collected user snapshots: 7990 / 10000
[2026-06-01T11:26:26Z] Collected user snapshots: 8000 / 10000
[2026-06-01T11:26:40Z] Collected user snapshots: 8010 / 10000
[2026-06-01T11:26:53Z] Collected user snapshots: 8020 / 10000
[2026-06-01T11:27:06Z] Collected user snapshots: 8030 / 10000
[2026-06-01T11:27:19Z] Collected user snapshots: 8040 / 10000
[2026-06-01T11:27:32Z] Collected user snapshots: 8050 / 10000
[2026-06-01T11:27:44Z] Collected user snapshots: 8060 / 10000
[2026-06-01T11:27:56Z] Collected user snapshots: 8070 / 10000
[2026-06-01T11:28:09Z] Collected user snapshots: 8080 / 10000
[2026-06-01T11:28:21Z] Collected user snapshots: 8090 / 10000
[2026-06-01T11:28:33Z] Collected user snapshots: 8100 / 10000
[2026-06-01T11:28:47Z] Collected user snapshots: 8110 / 10000
[2026-06-01T11:29:00Z] Collected user snapshots: 8120 / 10000
[2026-06-01T11:29:12Z] Collected user snapshots: 8130 / 10000
[2026-06-01T11:29:25Z] Collected user snapshots: 8140 / 10000
[2026-06-01T11:29:37Z] Collected user snapshots: 8150 / 10000
[2026-06-01T11:29:49Z] Collected user snapshots: 8160 / 10000
[2026-06-01T11:30:02Z] Collected user snapshots: 8170 / 10000
[2026-06-01T11:30:15Z] Collected user snapshots: 8180 / 10000
[2026-06-01T11:30:29Z] Collected user snapshots: 8190 / 10000
[2026-06-01T11:30:41Z] Collected user snapshots: 8200 / 10000
[2026-06-01T11:30:55Z] Collected user snapshots: 8210 / 10000
[2026-06-01T11:31:08Z] Collected user snapshots: 8220 / 10000
[2026-06-01T11:31:21Z] Collected user snapshots: 8230 / 10000
[2026-06-01T11:31:33Z] Collected user snapshots: 8240 / 10000
[2026-06-01T11:31:46Z] Collected user snapshots: 8250 / 10000
[2026-06-01T11:31:58Z] Collected user snapshots: 8260 / 10000
[2026-06-01T11:32:10Z] Collected user snapshots: 8270 / 10000
[2026-06-01T11:32:23Z] Collected user snapshots: 8280 / 10000
[2026-06-01T11:32:35Z] Collected user snapshots: 8290 / 10000
[2026-06-01T11:32:48Z] Collected user snapshots: 8300 / 10000
[2026-06-01T11:33:02Z] Collected user snapshots: 8310 / 10000
[2026-06-01T11:33:16Z] Collected user snapshots: 8320 / 10000
[2026-06-01T11:33:29Z] Collected user snapshots: 8330 / 10000
[2026-06-01T11:33:42Z] Collected user snapshots: 8340 / 10000
[2026-06-01T11:33:56Z] Collected user snapshots: 8350 / 10000
[2026-06-01T11:34:08Z] Collected user snapshots: 8360 / 10000
[2026-06-01T11:34:21Z] Collected user snapshots: 8370 / 10000
[2026-06-01T11:34:33Z] Collected user snapshots: 8380 / 10000
[2026-06-01T11:34:46Z] Collected user snapshots: 8390 / 10000
[2026-06-01T11:34:58Z] Collected user snapshots: 8400 / 10000
[2026-06-01T11:35:14Z] Collected user snapshots: 8410 / 10000
[2026-06-01T11:35:28Z] Collected user snapshots: 8420 / 10000
[2026-06-01T11:35:41Z] Collected user snapshots: 8430 / 10000
[2026-06-01T11:35:55Z] Collected user snapshots: 8440 / 10000
[2026-06-01T11:36:07Z] Collected user snapshots: 8450 / 10000
[2026-06-01T11:36:20Z] Collected user snapshots: 8460 / 10000
[2026-06-01T11:36:32Z] Collected user snapshots: 8470 / 10000
[2026-06-01T11:36:45Z] Collected user snapshots: 8480 / 10000
[2026-06-01T11:36:58Z] Collected user snapshots: 8490 / 10000
[2026-06-01T11:37:10Z] Collected user snapshots: 8500 / 10000
[2026-06-01T11:37:24Z] Collected user snapshots: 8510 / 10000
[2026-06-01T11:37:37Z] Collected user snapshots: 8520 / 10000
[2026-06-01T11:37:51Z] Collected user snapshots: 8530 / 10000
[2026-06-01T11:38:04Z] Collected user snapshots: 8540 / 10000
[2026-06-01T11:38:17Z] Collected user snapshots: 8550 / 10000
[2026-06-01T11:38:30Z] Collected user snapshots: 8560 / 10000
[2026-06-01T11:38:42Z] Collected user snapshots: 8570 / 10000
[2026-06-01T11:38:53Z] Collected user snapshots: 8580 / 10000
[2026-06-01T11:39:06Z] Collected user snapshots: 8590 / 10000
[2026-06-01T11:39:18Z] Collected user snapshots: 8600 / 10000
[2026-06-01T11:39:33Z] Collected user snapshots: 8610 / 10000
[2026-06-01T11:39:46Z] Collected user snapshots: 8620 / 10000
[2026-06-01T11:39:58Z] Collected user snapshots: 8630 / 10000
[2026-06-01T11:40:11Z] Collected user snapshots: 8640 / 10000
[2026-06-01T11:40:23Z] Collected user snapshots: 8650 / 10000
[2026-06-01T11:40:35Z] Collected user snapshots: 8660 / 10000
[2026-06-01T11:40:47Z] Collected user snapshots: 8670 / 10000
[2026-06-01T11:41:00Z] Collected user snapshots: 8680 / 10000
[2026-06-01T11:41:12Z] Collected user snapshots: 8690 / 10000
[2026-06-01T11:41:24Z] Collected user snapshots: 8700 / 10000
[2026-06-01T11:41:40Z] Collected user snapshots: 8710 / 10000
[2026-06-01T11:41:53Z] Collected user snapshots: 8720 / 10000
[2026-06-01T11:42:05Z] Collected user snapshots: 8730 / 10000
[2026-06-01T11:42:18Z] Collected user snapshots: 8740 / 10000
[2026-06-01T11:42:30Z] Collected user snapshots: 8750 / 10000
[2026-06-01T11:42:43Z] Collected user snapshots: 8760 / 10000
[2026-06-01T11:42:54Z] Collected user snapshots: 8770 / 10000
[2026-06-01T11:43:07Z] Collected user snapshots: 8780 / 10000
[2026-06-01T11:43:20Z] Collected user snapshots: 8790 / 10000
[2026-06-01T11:43:32Z] Collected user snapshots: 8800 / 10000
[2026-06-01T11:43:45Z] Collected user snapshots: 8810 / 10000
[2026-06-01T11:43:59Z] Collected user snapshots: 8820 / 10000
[2026-06-01T11:44:12Z] Collected user snapshots: 8830 / 10000
[2026-06-01T11:44:24Z] Collected user snapshots: 8840 / 10000
[2026-06-01T11:44:37Z] Collected user snapshots: 8850 / 10000
[2026-06-01T11:44:50Z] Collected user snapshots: 8860 / 10000
[2026-06-01T11:45:02Z] Collected user snapshots: 8870 / 10000
[2026-06-01T11:45:14Z] Collected user snapshots: 8880 / 10000
[2026-06-01T11:45:27Z] Collected user snapshots: 8890 / 10000
[2026-06-01T11:45:39Z] Collected user snapshots: 8900 / 10000
[2026-06-01T11:45:53Z] Collected user snapshots: 8910 / 10000
[2026-06-01T11:46:07Z] Collected user snapshots: 8920 / 10000
[2026-06-01T11:46:20Z] Collected user snapshots: 8930 / 10000
[2026-06-01T11:46:33Z] Collected user snapshots: 8940 / 10000
[2026-06-01T11:46:45Z] Collected user snapshots: 8950 / 10000
[2026-06-01T11:46:57Z] Collected user snapshots: 8960 / 10000
[2026-06-01T11:47:09Z] Collected user snapshots: 8970 / 10000
[2026-06-01T11:47:21Z] Collected user snapshots: 8980 / 10000
[2026-06-01T11:47:32Z] Collected user snapshots: 8990 / 10000
[2026-06-01T11:47:45Z] Collected user snapshots: 9000 / 10000
[2026-06-01T11:47:58Z] Collected user snapshots: 9010 / 10000
[2026-06-01T11:48:11Z] Collected user snapshots: 9020 / 10000
[2026-06-01T11:48:24Z] Collected user snapshots: 9030 / 10000
[2026-06-01T11:48:36Z] Collected user snapshots: 9040 / 10000
[2026-06-01T11:48:49Z] Collected user snapshots: 9050 / 10000
[2026-06-01T11:49:01Z] Collected user snapshots: 9060 / 10000
[2026-06-01T11:49:13Z] Collected user snapshots: 9070 / 10000
[2026-06-01T11:49:25Z] Collected user snapshots: 9080 / 10000
[2026-06-01T11:49:37Z] Collected user snapshots: 9090 / 10000
[2026-06-01T11:49:50Z] Collected user snapshots: 9100 / 10000
[2026-06-01T11:50:03Z] Collected user snapshots: 9110 / 10000
[2026-06-01T11:50:16Z] Collected user snapshots: 9120 / 10000
[2026-06-01T11:50:29Z] Collected user snapshots: 9130 / 10000
[2026-06-01T11:50:42Z] Collected user snapshots: 9140 / 10000
[2026-06-01T11:50:55Z] Collected user snapshots: 9150 / 10000
[2026-06-01T11:51:07Z] Collected user snapshots: 9160 / 10000
[2026-06-01T11:51:20Z] Collected user snapshots: 9170 / 10000
[2026-06-01T11:51:32Z] Collected user snapshots: 9180 / 10000
[2026-06-01T11:51:44Z] Collected user snapshots: 9190 / 10000
[2026-06-01T11:51:56Z] Collected user snapshots: 9200 / 10000
[2026-06-01T11:52:09Z] Collected user snapshots: 9210 / 10000
[2026-06-01T11:52:23Z] Collected user snapshots: 9220 / 10000
[2026-06-01T11:52:35Z] Collected user snapshots: 9230 / 10000
[2026-06-01T11:52:48Z] Collected user snapshots: 9240 / 10000
[2026-06-01T11:53:00Z] Collected user snapshots: 9250 / 10000
[2026-06-01T11:53:12Z] Collected user snapshots: 9260 / 10000
[2026-06-01T11:53:25Z] Collected user snapshots: 9270 / 10000
[2026-06-01T11:53:37Z] Collected user snapshots: 9280 / 10000
[2026-06-01T11:53:49Z] Collected user snapshots: 9290 / 10000
[2026-06-01T11:54:01Z] Collected user snapshots: 9300 / 10000
[2026-06-01T11:54:14Z] Collected user snapshots: 9310 / 10000
[2026-06-01T11:54:28Z] Collected user snapshots: 9320 / 10000
[2026-06-01T11:54:41Z] Collected user snapshots: 9330 / 10000
[2026-06-01T11:54:54Z] Collected user snapshots: 9340 / 10000
[2026-06-01T11:55:07Z] Collected user snapshots: 9350 / 10000
[2026-06-01T11:55:20Z] Collected user snapshots: 9360 / 10000
[2026-06-01T11:55:32Z] Collected user snapshots: 9370 / 10000
[2026-06-01T11:55:45Z] Collected user snapshots: 9380 / 10000
[2026-06-01T11:55:57Z] Collected user snapshots: 9390 / 10000
[2026-06-01T11:56:08Z] Collected user snapshots: 9400 / 10000
[2026-06-01T11:56:22Z] Collected user snapshots: 9410 / 10000
[2026-06-01T11:56:35Z] Collected user snapshots: 9420 / 10000
[2026-06-01T11:56:48Z] Collected user snapshots: 9430 / 10000
[2026-06-01T11:57:02Z] Collected user snapshots: 9440 / 10000
[2026-06-01T11:57:15Z] Collected user snapshots: 9450 / 10000
[2026-06-01T11:57:28Z] Collected user snapshots: 9460 / 10000
[2026-06-01T11:57:41Z] Collected user snapshots: 9470 / 10000
[2026-06-01T11:57:53Z] Collected user snapshots: 9480 / 10000
[2026-06-01T11:58:05Z] Collected user snapshots: 9490 / 10000
[2026-06-01T11:58:18Z] Collected user snapshots: 9500 / 10000
[2026-06-01T11:58:31Z] Collected user snapshots: 9510 / 10000
[2026-06-01T11:58:46Z] Collected user snapshots: 9520 / 10000
[2026-06-01T11:58:58Z] Collected user snapshots: 9530 / 10000
[2026-06-01T11:59:12Z] Collected user snapshots: 9540 / 10000
[2026-06-01T11:59:24Z] Collected user snapshots: 9550 / 10000
[2026-06-01T11:59:37Z] Collected user snapshots: 9560 / 10000
[2026-06-01T11:59:49Z] Collected user snapshots: 9570 / 10000
[2026-06-01T12:00:01Z] Collected user snapshots: 9580 / 10000
[2026-06-01T12:00:14Z] Collected user snapshots: 9590 / 10000
[2026-06-01T12:00:26Z] Collected user snapshots: 9600 / 10000
[2026-06-01T12:00:40Z] Collected user snapshots: 9610 / 10000
[2026-06-01T12:00:54Z] Collected user snapshots: 9620 / 10000
[2026-06-01T12:01:07Z] Collected user snapshots: 9630 / 10000
[2026-06-01T12:01:20Z] Collected user snapshots: 9640 / 10000
[2026-06-01T12:01:32Z] Collected user snapshots: 9650 / 10000
[2026-06-01T12:01:45Z] Collected user snapshots: 9660 / 10000
[2026-06-01T12:01:57Z] Collected user snapshots: 9670 / 10000
[2026-06-01T12:02:10Z] Collected user snapshots: 9680 / 10000
[2026-06-01T12:02:22Z] Collected user snapshots: 9690 / 10000
[2026-06-01T12:02:35Z] Collected user snapshots: 9700 / 10000
[2026-06-01T12:02:49Z] Collected user snapshots: 9710 / 10000
[2026-06-01T12:03:03Z] Collected user snapshots: 9720 / 10000
[2026-06-01T12:03:16Z] Collected user snapshots: 9730 / 10000
[2026-06-01T12:03:29Z] Collected user snapshots: 9740 / 10000
[2026-06-01T12:03:42Z] Collected user snapshots: 9750 / 10000
[2026-06-01T12:03:55Z] Collected user snapshots: 9760 / 10000
[2026-06-01T12:04:07Z] Collected user snapshots: 9770 / 10000
[2026-06-01T12:04:20Z] Collected user snapshots: 9780 / 10000
[2026-06-01T12:04:33Z] Collected user snapshots: 9790 / 10000
[2026-06-01T12:04:46Z] Collected user snapshots: 9800 / 10000
[2026-06-01T12:05:00Z] Collected user snapshots: 9810 / 10000
[2026-06-01T12:05:12Z] Collected user snapshots: 9820 / 10000
[2026-06-01T12:05:25Z] Collected user snapshots: 9830 / 10000
[2026-06-01T12:05:38Z] Collected user snapshots: 9840 / 10000
[2026-06-01T12:05:50Z] Collected user snapshots: 9850 / 10000
[2026-06-01T12:06:03Z] Collected user snapshots: 9860 / 10000
[2026-06-01T12:06:15Z] Collected user snapshots: 9870 / 10000
[2026-06-01T12:06:28Z] Collected user snapshots: 9880 / 10000
[2026-06-01T12:06:40Z] Collected user snapshots: 9890 / 10000
[2026-06-01T12:06:52Z] Collected user snapshots: 9900 / 10000
[2026-06-01T12:07:07Z] Collected user snapshots: 9910 / 10000
[2026-06-01T12:07:20Z] Collected user snapshots: 9920 / 10000
[2026-06-01T12:07:33Z] Collected user snapshots: 9930 / 10000
[2026-06-01T12:07:46Z] Collected user snapshots: 9940 / 10000
[2026-06-01T12:07:58Z] Collected user snapshots: 9950 / 10000
[2026-06-01T12:08:11Z] Collected user snapshots: 9960 / 10000
[2026-06-01T12:08:24Z] Collected user snapshots: 9970 / 10000
[2026-06-01T12:08:36Z] Collected user snapshots: 9980 / 10000
[2026-06-01T12:08:48Z] Collected user snapshots: 9990 / 10000
[2026-06-01T12:09:01Z] Collected user snapshots: 10000 / 10000
[2026-06-01T12:09:17Z] Collecting 35430 missing beatmaps
[2026-06-01T12:27:10Z] Beatmap cache ready: 35430 beatmaps
[2026-06-01T12:27:33Z] Wrote CSV with 184615 rows
Wrote 184615 rows to C:/Users/nayut/OneDrive/Документы/osu-skill-predictor/data/raw/osu_country_try_data_full_20260601T074107Z/osu_country_try_data_v1.csv
Run directory: C:/Users/nayut/OneDrive/Документы/osu-skill-predictor/data/raw/osu_country_try_data_full_20260601T074107Z
